{
  "RSpec": {
    "coverage": {
      "/Users/thaar/Documents/dev/tyne/tyne-ui/lib/tyne_ui.rb": [
        1,
        null,
        null,
        1,
        null
      ],
      "/Users/thaar/Documents/dev/tyne/tyne-ui/lib/tyne_ui/engine.rb": [
        1,
        1,
        1,
        1,
        null,
        1,
        null,
        1,
        1,
        1,
        1,
        null,
        null,
        1,
        1,
        1,
        1,
        null,
        null,
        null,
        1,
        1,
        null,
        null,
        3,
        null,
        null,
        1,
        null,
        1,
        null,
        null,
        null,
        1,
        null,
        1,
        1,
        null
      ],
      "/Users/thaar/Documents/dev/tyne/tyne-ui/app/cells/notification_cell.rb": [
        null,
        null,
        1,
        null,
        1,
        5,
        null,
        null
      ],
      "/Users/thaar/Documents/dev/tyne/tyne-ui/app/cells/pod.rb": [
        null,
        1,
        1,
        null,
        null,
        1,
        9,
        9,
        9,
        9,
        8,
        null,
        1,
        null,
        null,
        9,
        null,
        null
      ],
      "/Users/thaar/Documents/dev/tyne/tyne-ui/app/inputs/datepicker_input.rb": [
        null,
        null,
        1,
        null,
        1,
        2,
        2,
        null,
        2,
        null,
        null,
        2,
        null,
        null
      ],
      "/Users/thaar/Documents/dev/tyne/tyne-ui/app/inputs/suggest_input.rb": [
        null,
        null,
        1,
        null,
        1,
        2,
        null,
        null,
        2,
        null,
        null
      ]
    },
    "timestamp": 1361475039
  }
}
